<?xml version="1.0" encoding="UTF-8"?>
<testsuite name="com.selenium.KayakTests" tests="1" skipped="0" failures="0" errors="0" timestamp="2019-04-27T04:28:11" hostname="DESKTOP-U6VQONB" time="0.005">
  <properties/>
  <testcase name="testTrue" classname="com.selenium.KayakTests" time="0.005"/>
  <system-out><![CDATA[]]></system-out>
  <system-err><![CDATA[]]></system-err>
</testsuite>
